<?xml version="1.0" encoding="UTF-8"?>
<testsuite errors="0" failures="2" tests="2" name="cppunit">
<testcase classname="Test Operands" name="Ints.Value" time="0">
<failure message="test not implemented" type="Assertion">test not implemented

               File:operands-ints-test.adb
               Line:23</failure>
</testcase>
<testcase classname="Test Operands" name="Ints.Set" time="0">
<failure message="test not implemented" type="Assertion">test not implemented

               File:operands-ints-test.adb
               Line:29</failure>
</testcase>
</testsuite>