<?xml version="1.0" encoding="UTF-16"?>
<testsuite tests="3" errors="1" failures="1" name="Master Test Suite" skipped="0">
<testcase classname="array test.test" name="test1" time="0">
<system-out>
=== [Info] - test.cpp:8:check add( 2,2 ) == 4 passed</system-out>
<system-err />
</testcase>
<testcase classname="array test.test" name="test2" time="0">
<failure>
=== check add( 2,3 ) == 4 failed
File:test.cpp
Line:12</failure>
<system-out />
<system-err />
</testcase>
<testcase classname="array test.test" name="test3" time="0">
<error>
=== un test failed
File:test.cpp
Line:16</error>
<system-out />
<system-err />
</testcase>
</testsuite>